# JRE version: OpenJDK Runtime Environment (11.0.11+9) (build 11.0.11+9-b60-7590822)
# Java VM: OpenJDK 64-Bit Server VM (11.0.11+9-b60-7590822, mixed mode, tiered, compressed oops, g1 gc, windows-amd64)
Heap:
 garbage-first heap   total 315392K, used 241257K [0x0000000080000000, 0x0000000100000000)
  region size 1024K, 94 young (96256K), 6 survivors (6144K)
 Metaspace       used 138468K, capacity 141752K, committed 141952K, reserved 1173504K
  class space    used 17409K, capacity 18690K, committed 18816K, reserved 1048576K
GC Heap History (20 events):
Event: 2530.740 GC heap before
{Heap before GC invocations=39 (full 0):
 garbage-first heap   total 262144K, used 222511K [0x0000000080000000, 0x0000000100000000)
  region size 1024K, 73 young (74752K), 2 survivors (2048K)
 Metaspace       used 136799K, capacity 140016K, committed 140672K, reserved 1171456K
  class space    used 17308K, capacity 18548K, committed 18816K, reserved 1048576K
}
Event: 2530.742 GC heap after
{Heap after GC invocations=40 (full 0):
 garbage-first heap   total 262144K, used 150186K [0x0000000080000000, 0x0000000100000000)
  region size 1024K, 2 young (2048K), 2 survivors (2048K)
 Metaspace       used 136799K, capacity 140016K, committed 140672K, reserved 1171456K
  class space    used 17308K, capacity 18548K, committed 18816K, reserved 1048576K
}
Event: 2530.758 GC heap before
{Heap before GC invocations=40 (full 0):
 garbage-first heap   total 262144K, used 160426K [0x0000000080000000, 0x0000000100000000)
  region size 1024K, 12 young (12288K), 2 survivors (2048K)
 Metaspace       used 136817K, capacity 140018K, committed 140672K, reserved 1171456K
  class space    used 17308K, capacity 18548K, committed 18816K, reserved 1048576K
}
Event: 2530.761 GC heap after
{Heap after GC invocations=41 (full 0):
 garbage-first heap   total 262144K, used 148814K [0x0000000080000000, 0x0000000100000000)
  region size 1024K, 2 young (2048K), 2 survivors (2048K)
 Metaspace       used 136817K, capacity 140018K, committed 140672K, reserved 1171456K
  class space    used 17308K, capacity 18548K, committed 18816K, reserved 1048576K
}
Event: 2530.857 GC heap before
{Heap before GC invocations=41 (full 0):
 garbage-first heap   total 262144K, used 222542K [0x0000000080000000, 0x0000000100000000)
  region size 1024K, 74 young (75776K), 2 survivors (2048K)
 Metaspace       used 137062K, capacity 140355K, committed 140928K, reserved 1171456K
  class space    used 17357K, capacity 18621K, committed 18816K, reserved 1048576K
}
Event: 2530.859 GC heap after
{Heap after GC invocations=42 (full 0):
 garbage-first heap   total 262144K, used 149302K [0x0000000080000000, 0x0000000100000000)
  region size 1024K, 2 young (2048K), 2 survivors (2048K)
 Metaspace       used 137062K, capacity 140355K, committed 140928K, reserved 1171456K
  class space    used 17357K, capacity 18621K, committed 18816K, reserved 1048576K
}
Event: 2530.954 GC heap before
{Heap before GC invocations=42 (full 0):
 garbage-first heap   total 262144K, used 225078K [0x0000000080000000, 0x0000000100000000)
  region size 1024K, 76 young (77824K), 2 survivors (2048K)
 Metaspace       used 137239K, capacity 140588K, committed 140928K, reserved 1171456K
  class space    used 17375K, capacity 18675K, committed 18816K, reserved 1048576K
}
Event: 2530.956 GC heap after
{Heap after GC invocations=43 (full 0):
 garbage-first heap   total 262144K, used 149991K [0x0000000080000000, 0x0000000100000000)
  region size 1024K, 3 young (3072K), 3 survivors (3072K)
 Metaspace       used 137239K, capacity 140588K, committed 140928K, reserved 1171456K
  class space    used 17375K, capacity 18675K, committed 18816K, reserved 1048576K
}
Event: 2531.046 GC heap before
{Heap before GC invocations=43 (full 0):
 garbage-first heap   total 262144K, used 225767K [0x0000000080000000, 0x0000000100000000)
  region size 1024K, 77 young (78848K), 3 survivors (3072K)
 Metaspace       used 137358K, capacity 140661K, committed 140928K, reserved 1171456K
  class space    used 17379K, capacity 18677K, committed 18816K, reserved 1048576K
}
Event: 2531.047 GC heap after
{Heap after GC invocations=44 (full 0):
 garbage-first heap   total 262144K, used 150873K [0x0000000080000000, 0x0000000100000000)
  region size 1024K, 4 young (4096K), 4 survivors (4096K)
 Metaspace       used 137358K, capacity 140661K, committed 140928K, reserved 1171456K
  class space    used 17379K, capacity 18677K, committed 18816K, reserved 1048576K
}
Event: 2531.155 GC heap before
{Heap before GC invocations=44 (full 0):
 garbage-first heap   total 262144K, used 225625K [0x0000000080000000, 0x0000000100000000)
  region size 1024K, 78 young (79872K), 4 survivors (4096K)
 Metaspace       used 137648K, capacity 140946K, committed 141184K, reserved 1171456K
  class space    used 17382K, capacity 18681K, committed 18816K, reserved 1048576K
}
Event: 2531.157 GC heap after
{Heap after GC invocations=45 (full 0):
 garbage-first heap   total 262144K, used 151068K [0x0000000080000000, 0x0000000100000000)
  region size 1024K, 4 young (4096K), 4 survivors (4096K)
 Metaspace       used 137648K, capacity 140946K, committed 141184K, reserved 1171456K
  class space    used 17382K, capacity 18681K, committed 18816K, reserved 1048576K
}
Event: 2531.264 GC heap before
{Heap before GC invocations=45 (full 0):
 garbage-first heap   total 262144K, used 227868K [0x0000000080000000, 0x0000000100000000)
  region size 1024K, 79 young (80896K), 4 survivors (4096K)
 Metaspace       used 137874K, capacity 141221K, committed 141440K, reserved 1171456K
  class space    used 17382K, capacity 18681K, committed 18816K, reserved 1048576K
}
Event: 2531.267 GC heap after
{Heap after GC invocations=46 (full 0):
 garbage-first heap   total 262144K, used 152710K [0x0000000080000000, 0x0000000100000000)
  region size 1024K, 5 young (5120K), 5 survivors (5120K)
 Metaspace       used 137874K, capacity 141221K, committed 141440K, reserved 1171456K
  class space    used 17382K, capacity 18681K, committed 18816K, reserved 1048576K
}
Event: 2531.418 GC heap before
{Heap before GC invocations=46 (full 0):
 garbage-first heap   total 262144K, used 228486K [0x0000000080000000, 0x0000000100000000)
  region size 1024K, 79 young (80896K), 5 survivors (5120K)
 Metaspace       used 138098K, capacity 141448K, committed 141696K, reserved 1171456K
  class space    used 17382K, capacity 18681K, committed 18816K, reserved 1048576K
}
Event: 2531.420 GC heap after
{Heap after GC invocations=47 (full 0):
 garbage-first heap   total 262144K, used 152078K [0x0000000080000000, 0x0000000100000000)
  region size 1024K, 5 young (5120K), 5 survivors (5120K)
 Metaspace       used 138098K, capacity 141448K, committed 141696K, reserved 1171456K
  class space    used 17382K, capacity 18681K, committed 18816K, reserved 1048576K
}
Event: 2531.597 GC heap before
{Heap before GC invocations=47 (full 0):
 garbage-first heap   total 262144K, used 227854K [0x0000000080000000, 0x0000000100000000)
  region size 1024K, 79 young (80896K), 5 survivors (5120K)
 Metaspace       used 138180K, capacity 141516K, committed 141696K, reserved 1171456K
  class space    used 17382K, capacity 18681K, committed 18816K, reserved 1048576K
}
Event: 2531.599 GC heap after
{Heap after GC invocations=48 (full 0):
 garbage-first heap   total 262144K, used 152550K [0x0000000080000000, 0x0000000100000000)
  region size 1024K, 5 young (5120K), 5 survivors (5120K)
 Metaspace       used 138180K, capacity 141516K, committed 141696K, reserved 1171456K
  class space    used 17382K, capacity 18681K, committed 18816K, reserved 1048576K
}
Event: 2531.771 GC heap before
{Heap before GC invocations=48 (full 0):
 garbage-first heap   total 262144K, used 229350K [0x0000000080000000, 0x0000000100000000)
  region size 1024K, 80 young (81920K), 5 survivors (5120K)
 Metaspace       used 138274K, capacity 141659K, committed 141952K, reserved 1173504K
  class space    used 17386K, capacity 18685K, committed 18816K, reserved 1048576K
}
Event: 2531.775 GC heap after
{Heap after GC invocations=49 (full 0):
 garbage-first heap   total 315392K, used 153193K [0x0000000080000000, 0x0000000100000000)
  region size 1024K, 6 young (6144K), 6 survivors (6144K)
 Metaspace       used 138274K, capacity 141659K, committed 141952K, reserved 1173504K
  class space    used 17386K, capacity 18685K, committed 18816K, reserved 1048576K
}

